[debug] [2026-01-26T01:58:58.737Z] ----------------------------------------------------------------------
[debug] [2026-01-26T01:58:58.747Z] Command:       C:\Program Files\nodejs\node.exe C:\Users\oakza\AppData\Roaming\npm\node_modules\firebase-tools\lib\bin\firebase.js init
[debug] [2026-01-26T01:58:58.748Z] CLI Version:   15.4.0
[debug] [2026-01-26T01:58:58.748Z] Platform:      win32
[debug] [2026-01-26T01:58:58.748Z] Node Version:  v24.11.1
[debug] [2026-01-26T01:58:58.748Z] Time:          Mon Jan 26 2026 08:58:58 GMT+0700 (เวลาอินโดจีน)
[debug] [2026-01-26T01:58:58.749Z] ----------------------------------------------------------------------
[debug] 
[info] 
     ######## #### ########  ######## ########     ###     ######  ########
     ##        ##  ##     ## ##       ##     ##  ##   ##  ##       ##
     ######    ##  ########  ######   ########  #########  ######  ######
     ##        ##  ##    ##  ##       ##     ## ##     ##       ## ##
     ##       #### ##     ## ######## ########  ##     ##  ######  ########

You're about to initialize a Firebase project in this directory:

  C:\Projecet-noncon

Before we get started, keep in mind:

  * You are currently outside your home directory

[info] 
=== Project Setup
[info] 
[info] First, let's associate this project directory with a Firebase project.
[info] You can create multiple project aliases by running firebase use --add, 
[info] 
[debug] [2026-01-26T02:00:53.880Z] > command requires scopes: ["email","openid","https://www.googleapis.com/auth/cloudplatformprojects.readonly","https://www.googleapis.com/auth/firebase","https://www.googleapis.com/auth/cloud-platform"]
[debug] [2026-01-26T02:00:53.880Z] > authorizing via signed-in user (oakzabawcs123@gmail.com)
[debug] [2026-01-26T02:00:53.882Z] Checked if tokens are valid: true, expires at: 1769395973509
[debug] [2026-01-26T02:00:53.883Z] Checked if tokens are valid: true, expires at: 1769395973509
[debug] [2026-01-26T02:00:53.885Z] >>> [apiv2][query] GET https://firebase.googleapis.com/v1beta1/projects pageSize=100
[debug] [2026-01-26T02:00:54.582Z] <<< [apiv2][status] GET https://firebase.googleapis.com/v1beta1/projects 200
[debug] [2026-01-26T02:00:54.582Z] <<< [apiv2][body] GET https://firebase.googleapis.com/v1beta1/projects [omitted]
[info] 
=== Hosting Setup
[debug] [2026-01-26T02:00:57.932Z] Checked if tokens are valid: true, expires at: 1769395973509
[debug] [2026-01-26T02:00:57.933Z] Checked if tokens are valid: true, expires at: 1769395973509
[debug] [2026-01-26T02:00:57.933Z] >>> [apiv2][query] GET https://firebase.googleapis.com/v1beta1/projects/noncon-de8b4 [none]
[debug] [2026-01-26T02:00:58.435Z] <<< [apiv2][status] GET https://firebase.googleapis.com/v1beta1/projects/noncon-de8b4 200
[debug] [2026-01-26T02:00:58.435Z] <<< [apiv2][body] GET https://firebase.googleapis.com/v1beta1/projects/noncon-de8b4 {"projectId":"noncon-de8b4","projectNumber":"700319191465","displayName":"NONCON","name":"projects/noncon-de8b4","resources":{"hostingSite":"noncon-de8b4"},"state":"ACTIVE","etag":"1_d1b5283b-1f9c-4f46-887c-c664f99f5e09"}
[info] 
[info] Your public directory is the folder (relative to your project directory) that
[info] will contain Hosting assets to be uploaded with firebase deploy. If you
[info] have a build process for your assets, use your build's output directory.
[info] 
[info] 
[info] i  Didn't detect a .git folder. Assuming C:\Projecet-noncon is the project root. 
[info] i  Authorizing with GitHub to upload your service account to a GitHub repository's secrets store. 
[info] 
[info] Visit this URL on this device to log in:
[info] https://github.com/login/oauth/authorize?client_id=89cf50f02ac6aaed3484&state=562343297&redirect_uri=http%3A%2F%2Flocalhost%3A9005&scope=read%3Auser%20repo%20public_repo
[info] 
[info] Waiting for authentication...
[debug] [2026-01-26T02:02:06.056Z] >>> [apiv2][query] POST https://github.com/login/oauth/access_token [none]
[debug] [2026-01-26T02:02:06.056Z] >>> [apiv2][body] POST https://github.com/login/oauth/access_token [stream]
[debug] [2026-01-26T02:02:07.122Z] <<< [apiv2][status] POST https://github.com/login/oauth/access_token 200
[debug] [2026-01-26T02:02:07.122Z] <<< [apiv2][body] POST https://github.com/login/oauth/access_token {"access_token":"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","token_type":"bearer","scope":"read:user,repo"}
[debug] [2026-01-26T02:02:07.136Z] >>> [apiv2][query] GET https://api.github.com/user [none]
[debug] [2026-01-26T02:02:07.633Z] <<< [apiv2][status] GET https://api.github.com/user 200
[debug] [2026-01-26T02:02:07.633Z] <<< [apiv2][body] GET https://api.github.com/user {"login":"Tonoak04","id":202312492,"node_id":"U_kgDODA8LLA","avatar_url":"https://avatars.githubusercontent.com/u/202312492?v=4","gravatar_id":"","url":"https://api.github.com/users/Tonoak04","html_url":"https://github.com/Tonoak04","followers_url":"https://api.github.com/users/Tonoak04/followers","following_url":"https://api.github.com/users/Tonoak04/following{/other_user}","gists_url":"https://api.github.com/users/Tonoak04/gists{/gist_id}","starred_url":"https://api.github.com/users/Tonoak04/starred{/owner}{/repo}","subscriptions_url":"https://api.github.com/users/Tonoak04/subscriptions","organizations_url":"https://api.github.com/users/Tonoak04/orgs","repos_url":"https://api.github.com/users/Tonoak04/repos","events_url":"https://api.github.com/users/Tonoak04/events{/privacy}","received_events_url":"https://api.github.com/users/Tonoak04/received_events","type":"User","user_view_type":"private","site_admin":false,"name":"TanatipNaja","company":null,"blog":"","location":null,"email":null,"hireable":null,"bio":null,"twitter_username":null,"notification_email":null,"public_repos":0,"public_gists":0,"followers":0,"following":0,"created_at":"2025-03-07T15:44:43Z","updated_at":"2025-12-16T02:55:56Z","private_gists":0,"total_private_repos":2,"owned_private_repos":2,"disk_usage":96884,"collaborators":0,"two_factor_authentication":false,"plan":{"name":"free","space":976562499,"collaborators":0,"private_repos":10000}}
[info] 
[info] +  Success! Logged into GitHub as Tonoak04 
[info] 
[debug] [2026-01-26T02:02:37.932Z] >>> [apiv2][query] GET https://api.github.com/repos//actions/secrets/public-key type=owner
[debug] [2026-01-26T02:02:38.271Z] <<< [apiv2][status] GET https://api.github.com/repos//actions/secrets/public-key 404
[debug] [2026-01-26T02:02:38.272Z] <<< [apiv2][body] GET https://api.github.com/repos//actions/secrets/public-key {"message":"Not Found","documentation_url":"https://docs.github.com/rest","status":"404"}
[info] 
[info] 
[error] !  The provided authorization cannot be used with this repository. If this repository is in an organization, did you remember to grant access? 
[info] 
[info] i  Action required: Visit this URL to ensure access has been granted to the appropriate organization(s) for the Firebase CLI GitHub OAuth App: 
[info] https://github.com/settings/connections/applications/89cf50f02ac6aaed3484
[info] 
[debug] [2026-01-26T02:02:38.445Z] >>> [apiv2][query] GET https://api.github.com/repos//actions/secrets/public-key type=owner
[debug] [2026-01-26T02:02:39.211Z] <<< [apiv2][status] GET https://api.github.com/repos//actions/secrets/public-key 404
[debug] [2026-01-26T02:02:39.211Z] <<< [apiv2][body] GET https://api.github.com/repos//actions/secrets/public-key {"message":"Not Found","documentation_url":"https://docs.github.com/rest","status":"404"}
[info] 
[info] 
[error] !  The provided authorization cannot be used with this repository. If this repository is in an organization, did you remember to grant access? 
[info] 
[info] i  Action required: Visit this URL to ensure access has been granted to the appropriate organization(s) for the Firebase CLI GitHub OAuth App: 
[info] https://github.com/settings/connections/applications/89cf50f02ac6aaed3484
[info] 
[debug] [2026-01-26T02:06:12.327Z] ExitPromptError: User force closed the prompt with SIGINT
    at Interface.sigint (C:\Users\oakza\AppData\Roaming\npm\node_modules\firebase-tools\node_modules\@inquirer\core\dist\commonjs\lib\create-prompt.js:101:37)
    at Interface.emit (node:events:508:28)
    at [_ttyWrite] [as _ttyWrite] (node:internal/readline/interface:1317:18)
    at ReadStream.onkeypress (node:internal/readline/interface:284:20)
    at ReadStream.emit (node:events:520:35)
    at emitKeys (node:internal/readline/utils:371:14)
    at emitKeys.next (<anonymous>)
    at ReadStream.onData (node:internal/readline/emitKeypressEvents:64:36)
    at ReadStream.emit (node:events:508:28)
    at addChunk (node:internal/streams/readable:559:12)
[error] 
[error] Error: An unexpected error has occurred.
